<?xml version="1.0" encoding="UTF-8"?>
<!-- Generated by org.testng.reporters.JUnitReportReporter -->
<testsuite hostname="user-PC" name="sampleProjectGit.TestCases" tests="1" failures="0" timestamp="28 Nov 2020 11:45:20 GMT" time="65.718" errors="0">
  <testcase name="LoginTest" time="65.718" classname="sampleProjectGit.TestCases"/>
</testsuite> <!-- sampleProjectGit.TestCases -->
