<?xml version="1.0" encoding="UTF-8"?>
<!-- Generated by org.testng.reporters.JUnitReportReporter -->
<testsuite hostname="user-PC" name="testCases.servicesTestCases" tests="1" failures="0" timestamp="3 Dec 2020 12:24:00 GMT" time="113.093" errors="0">
  <testcase name="LoginTest" time="113.093" classname="testCases.servicesTestCases"/>
</testsuite> <!-- testCases.servicesTestCases -->
