<?xml version="1.0" encoding="UTF-8"?>
<!-- Generated by org.testng.reporters.JUnitReportReporter -->
<testsuite hostname="user-PC" name="sampleProjectGit.TestCases" tests="1" failures="0" timestamp="29 Nov 2020 11:53:09 GMT" time="26.288" errors="0">
  <testcase name="LoginTest" time="26.288" classname="sampleProjectGit.TestCases"/>
</testsuite> <!-- sampleProjectGit.TestCases -->
